\BOOKMARK [1][-]{section.1}{\376\377\000S\000p\000e\000c\000i\000a\000l\000\040\000f\000u\000n\000c\000t\000i\000o\000n\000s}{}% 1
\BOOKMARK [2][-]{subsection.1.1}{\376\377\000D\000e\000f\000i\000n\000i\000t\000i\000o\000n\000\040\000a\000n\000d\000\040\000b\000a\000s\000i\000c\000\040\000p\000r\000o\000p\000e\000r\000t\000i\000e\000s\000\040\000o\000f\000\040\000G\000a\000m\000m\000a\000\040\000f\000u\000n\000c\000t\000i\000o\000n}{section.1}% 2
\BOOKMARK [2][-]{subsection.1.2}{\376\377\000G\000a\000u\000s\000s\000\040\000R\000e\000p\000r\000e\000s\000e\000n\000t\000a\000t\000i\000o\000n}{section.1}% 3
\BOOKMARK [2][-]{subsection.1.3}{\376\377\000W\000e\000i\000e\000r\000s\000t\000r\000a\000s\000s\000\040\000R\000e\000p\000r\000e\000s\000e\000n\000t\000a\000t\000i\000o\000n}{section.1}% 4
\BOOKMARK [2][-]{subsection.1.4}{\376\377\000R\000e\000l\000a\000t\000i\000o\000n\000s\000h\000i\000p\000\040\000t\000o\000\040\000S\000i\000n\000e}{section.1}% 5
\BOOKMARK [2][-]{subsection.1.5}{\376\377\000E\000x\000a\000m\000p\000l\000e\000:\000\040\000G\000a\000m\000m\000a\000\040\000o\000f\000\040\0001\0002}{section.1}% 6
\BOOKMARK [2][-]{subsection.1.6}{\376\377\000S\000t\000i\000r\000l\000i\000n\000g\000'\000s\000\040\000a\000p\000p\000r\000o\000x\000i\000m\000a\000t\000i\000o\000n}{section.1}% 7
\BOOKMARK [2][-]{subsection.1.7}{\376\377\000E\000u\000l\000e\000r\000\040\000I\000n\000t\000e\000g\000r\000a\000l\000\040\000i}{section.1}% 8
\BOOKMARK [2][-]{subsection.1.8}{\376\377\000E\000u\000l\000e\000r\000\040\000I\000n\000t\000e\000g\000r\000a\000l\000\040\000i\000i\000.\000\040\000T\000h\000e\000\040\000S\000i\000n\000c\000-\000F\000u\000n\000c\000t\000i\000o\000n}{section.1}% 9
\BOOKMARK [2][-]{subsection.1.9}{\376\377\000E\000u\000l\000e\000r\000\040\000I\000n\000t\000e\000g\000r\000a\000l\000\040\000i\000i\000i\000.\000\040\000F\000r\000e\000s\000n\000e\000l\000\040\000I\000n\000t\000e\000g\000r\000a\000l}{section.1}% 10
\BOOKMARK [2][-]{subsection.1.10}{\376\377\000B\000e\000t\000a\000\040\000F\000u\000n\000c\000t\000i\000o\000n}{section.1}% 11
\BOOKMARK [2][-]{subsection.1.11}{\376\377\000L\000e\000g\000e\000n\000d\000r\000e\000\040\000D\000u\000p\000l\000i\000c\000a\000t\000i\000o\000n\000\040\000F\000o\000r\000m\000u\000l\000a}{section.1}% 12
\BOOKMARK [2][-]{subsection.1.12}{\376\377\000Z\000e\000t\000a\000\040\000F\000u\000n\000c\000t\000i\000o\000n}{section.1}% 13
\BOOKMARK [3][-]{subsubsection.1.12.1}{\376\377\000D\000e\000f\000i\000n\000i\000t\000i\000o\000n\000\040\000a\000n\000d\000\040\000c\000o\000n\000v\000e\000r\000g\000e\000n\000c\000e}{subsection.1.12}% 14
\BOOKMARK [3][-]{subsubsection.1.12.2}{\376\377\000E\000u\000l\000e\000r\000\040\000P\000r\000o\000d\000u\000c\000t\000\040\000R\000e\000p\000r\000e\000s\000e\000n\000t\000a\000t\000i\000o\000n}{subsection.1.12}% 15
\BOOKMARK [3][-]{subsubsection.1.12.3}{\376\377\000I\000n\000f\000i\000n\000i\000t\000u\000d\000e\000\040\000o\000f\000\040\000P\000r\000i\000m\000e\000\040\000N\000u\000m\000b\000e\000r\000s}{subsection.1.12}% 16
\BOOKMARK [3][-]{subsubsection.1.12.4}{\376\377\000P\000r\000i\000m\000e\000\040\000Z\000e\000t\000a\000\040\000F\000u\000n\000c\000t\000i\000o\000n}{subsection.1.12}% 17
\BOOKMARK [3][-]{subsubsection.1.12.5}{\376\377\000T\000h\000e\000\040\000P\000r\000i\000m\000e\000\040\000C\000o\000u\000n\000t\000i\000n\000g\000\040\000F\000u\000n\000c\000t\000i\000o\000n}{subsection.1.12}% 18
\BOOKMARK [3][-]{subsubsection.1.12.6}{\376\377\000Z\000e\000t\000a\000\040\000o\000f\000\040\0002\000\040\000a\000k\000a\000\040\000T\000h\000e\000\040\000B\000a\000s\000e\000l\000\040\000P\000r\000o\000b\000l\000e\000m}{subsection.1.12}% 19
\BOOKMARK [3][-]{subsubsection.1.12.7}{\376\377\000Z\000e\000t\000a\000\040\000o\000f\000\040\0002\000n\000.\000\040\000P\000a\000r\000t\000\040\0001}{subsection.1.12}% 20
\BOOKMARK [3][-]{subsubsection.1.12.8}{\376\377\000Z\000e\000t\000a\000\040\000o\000f\000\040\0002\000n\000.\000\040\000P\000a\000r\000t\000\040\0002}{subsection.1.12}% 21
\BOOKMARK [3][-]{subsubsection.1.12.9}{\376\377\000Z\000e\000t\000a\000\040\000o\000f\000\040\0002\000n\000.\000\040\000P\000a\000r\000t\000\040\0003}{subsection.1.12}% 22
\BOOKMARK [3][-]{subsubsection.1.12.10}{\376\377\000R\000e\000l\000a\000t\000i\000o\000n\000\040\000t\000o\000\040\000G\000a\000m\000m\000a\000\040\000F\000u\000n\000c\000t\000i\000o\000n\000.\000\040\000B\000o\000s\000e\000\040\000I\000n\000t\000e\000g\000r\000a\000l}{subsection.1.12}% 23
\BOOKMARK [3][-]{subsubsection.1.12.11}{\376\377\000J\000a\000c\000o\000b\000i\000\040\000T\000h\000e\000t\000a\000\040\000F\000u\000n\000c\000t\000i\000o\000n}{subsection.1.12}% 24
\BOOKMARK [3][-]{subsubsection.1.12.12}{\376\377\000R\000i\000e\000m\000a\000n\000n\000\040\000F\000u\000n\000c\000t\000i\000o\000n\000a\000l\000\040\000E\000q\000u\000a\000t\000i\000o\000n\000\040\000i}{subsection.1.12}% 25
\BOOKMARK [3][-]{subsubsection.1.12.13}{\376\377\000R\000i\000e\000m\000a\000n\000n\000\040\000F\000u\000n\000c\000t\000i\000o\000n\000a\000l\000\040\000E\000q\000u\000a\000t\000i\000o\000n\000\040\000i\000i}{subsection.1.12}% 26
\BOOKMARK [3][-]{subsubsection.1.12.14}{\376\377\000T\000r\000i\000v\000i\000a\000l\000\040\000Z\000e\000r\000o\000s\000\040\000o\000f\000\040\000t\000h\000e\000\040\000Z\000e\000t\000a\000\040\000F\000u\000n\000c\000t\000i\000o\000n}{subsection.1.12}% 27
\BOOKMARK [3][-]{subsubsection.1.12.15}{\376\377\000R\000i\000e\000m\000a\000n\000n\000\040\000X\000i\000\040\000F\000u\000n\000c\000t\000i\000o\000n}{subsection.1.12}% 28
\BOOKMARK [3][-]{subsubsection.1.12.16}{\376\377\000W\000h\000y\000\040\0001\000+\0002\000+\0003\000+\0004\000+\0005\000+\000.\000.\000.\000\040\000n\000o\000t\000\040\000e\000q\000u\000a\000l\000s\000\040\000-\0001\000/\0001\0002\000\040\000=\000\040\000\050\000-\0001\000\051}{subsection.1.12}% 29
