\BOOKMARK [1][-]{section.1}{\376\377\000Z\000e\000t\000a}{}% 1
\BOOKMARK [1][-]{section.2}{\376\377\000S\000e\000r\000i\000e\000s}{}% 2
\BOOKMARK [2][-]{subsection.2.1}{\376\377\0001}{section.2}% 3
\BOOKMARK [2][-]{subsection.2.2}{\376\377\000R\000a\000m\000a\000n\000u\000j\000a\000n\0001}{section.2}% 4
\BOOKMARK [2][-]{subsection.2.3}{\376\377\000R\000a\000m\000a\000n\000u\000j\000a\000n\0001\000.\000\040\000H\000o\000m\000e\000t\000a\000s\000k}{section.2}% 5
\BOOKMARK [2][-]{subsection.2.4}{\376\377\000R\000a\000m\000a\000n\000u\000j\000a\000n\0002}{section.2}% 6
\BOOKMARK [2][-]{subsection.2.5}{\376\377\000R\000a\000m\000a\000n\000u\000j\000a\000n\0003}{section.2}% 7
\BOOKMARK [2][-]{subsection.2.6}{\376\377\000R\000a\000m\000a\000n\000u\000j\000a\000n\0004}{section.2}% 8
\BOOKMARK [2][-]{subsection.2.7}{\376\377\000R\000a\000m\000a\000n\000u\000j\000a\000n\0004\000.\0001}{section.2}% 9
\BOOKMARK [2][-]{subsection.2.8}{\376\377\000R\000a\000m\000a\000n\000u\000j\000a\000n\0004\000.\000\040\000H\000o\000m\000e\000t\000a\000s\000k}{section.2}% 10
\BOOKMARK [2][-]{subsection.2.9}{\376\377\000R\000a\000m\000a\000n\000u\000j\000a\000n\0005\000.\000\040\000F\000r\000a\000c\000t\000i\000o\000n\000s}{section.2}% 11
\BOOKMARK [2][-]{subsection.2.10}{\376\377\000P\000r\000o\000d\000u\000c\000t}{section.2}% 12
\BOOKMARK [2][-]{subsection.2.11}{\376\377\000P\000r\000o\000d\000u\000c\000t\0001}{section.2}% 13
\BOOKMARK [2][-]{subsection.2.12}{\376\377\000P\000r\000o\000d\000u\000c\000t\000.\000\040\000H\000o\000m\000e\000t\000a\000s\000k}{section.2}% 14
\BOOKMARK [2][-]{subsection.2.13}{\376\377\000L\000i\000m\000i\000t}{section.2}% 15
\BOOKMARK [2][-]{subsection.2.14}{\376\377\000I\000n\000t\000e\000g\000r\000a\000l}{section.2}% 16
\BOOKMARK [2][-]{subsection.2.15}{\376\377\000I\000n\000t\000e\000g\000r\000a\000l\000.\000\040\000H\000o\000m\000e\000t\000a\000s\000k}{section.2}% 17
\BOOKMARK [2][-]{subsection.2.16}{\376\377\000I\000n\000t\000e\000g\000r\000a\000l\000.\000\040\000H\000o\000m\000e\000t\000a\000s\000k\0001}{section.2}% 18
\BOOKMARK [2][-]{subsection.2.17}{\376\377\000H\000y\000p\000e\000r\000g\000e\000o\000m\000e\000t\000r\000y\000.\000\040\000D\000i\000k\000s\000o\000n}{section.2}% 19
\BOOKMARK [2][-]{subsection.2.18}{\376\377\000C\000o\000o\000l\000\040\000s\000e\000r\000i\000e\000s}{section.2}% 20
\BOOKMARK [2][-]{subsection.2.19}{\376\377\000C\000o\000o\000l\000\040\000i\000n\000t\000e\000g\000r\000a\000l\0001}{section.2}% 21
\BOOKMARK [2][-]{subsection.2.20}{\376\377\000C\000o\000o\000l\000\040\000i\000n\000t\000e\000g\000r\000a\000l\0002}{section.2}% 22
\BOOKMARK [2][-]{subsection.2.21}{\376\377\000C\000o\000o\000l\000\040\000i\000n\000t\000e\000g\000r\000a\000l\0003}{section.2}% 23
\BOOKMARK [2][-]{subsection.2.22}{\376\377\000C\000o\000o\000l\000\040\000i\000n\000t\000e\000g\000r\000a\000l\0004}{section.2}% 24
\BOOKMARK [2][-]{subsection.2.23}{\376\377\000S\000e\000r\000i\000a\0001\000.\0001}{section.2}% 25
\BOOKMARK [2][-]{subsection.2.24}{\376\377\000S\000e\000r\000i\000a\0001\000.\0002}{section.2}% 26
\BOOKMARK [2][-]{subsection.2.25}{\376\377\000S\000e\000r\000i\000a\0001\000.\0003}{section.2}% 27
\BOOKMARK [2][-]{subsection.2.26}{\376\377\000S\000e\000r\000i\000a\0002}{section.2}% 28
\BOOKMARK [2][-]{subsection.2.27}{\376\377\000I\000d\000e\000n\000t\000i\000t\000y}{section.2}% 29
\BOOKMARK [2][-]{subsection.2.28}{\376\377\000S\000e\000r\000i\000a\0003}{section.2}% 30
\BOOKMARK [2][-]{subsection.2.29}{\376\377\000S\000e\000r\000i\000a\0004\000.\0001}{section.2}% 31
\BOOKMARK [2][-]{subsection.2.30}{\376\377\000S\000e\000r\000i\000a\0004\000.\0002}{section.2}% 32
\BOOKMARK [2][-]{subsection.2.31}{\376\377\000C\000o\000o\000l\000\040\000i\000n\000t\000e\000g\000r\000a\000l\0005}{section.2}% 33
